<?xml version="1.0" encoding="UTF-8"?>
<testsuite name="com.costa.challengeMatriz.controllers.MatrizControllerTests" tests="1" skipped="0" failures="0" errors="0" timestamp="2020-10-09T02:37:09" hostname="JulianHome" time="0.101">
  <properties/>
  <testcase name="testPing()" classname="com.costa.challengeMatriz.controllers.MatrizControllerTests" time="0.101"/>
  <system-out><![CDATA[23:37:07.724 [Test worker] DEBUG org.springframework.test.context.BootstrapUtils - Instantiating CacheAwareContextLoaderDelegate from class [org.springframework.test.context.cache.DefaultCacheAwareContextLoaderDelegate]
23:37:07.732 [Test worker] DEBUG org.springframework.test.context.BootstrapUtils - Instantiating BootstrapContext using constructor [public org.springframework.test.context.support.DefaultBootstrapContext(java.lang.Class,org.springframework.test.context.CacheAwareContextLoaderDelegate)]
23:37:07.754 [Test worker] DEBUG org.springframework.test.context.BootstrapUtils - Instantiating TestContextBootstrapper for test class [com.costa.challengeMatriz.controllers.MatrizControllerTests] from class [org.springframework.boot.test.context.SpringBootTestContextBootstrapper]
23:37:07.765 [Test worker] INFO org.springframework.boot.test.context.SpringBootTestContextBootstrapper - Neither @ContextConfiguration nor @ContextHierarchy found for test class [com.costa.challengeMatriz.controllers.MatrizControllerTests], using SpringBootContextLoader
23:37:07.768 [Test worker] DEBUG org.springframework.test.context.support.AbstractContextLoader - Did not detect default resource location for test class [com.costa.challengeMatriz.controllers.MatrizControllerTests]: class path resource [com/costa/challengeMatriz/controllers/MatrizControllerTests-context.xml] does not exist
23:37:07.768 [Test worker] DEBUG org.springframework.test.context.support.AbstractContextLoader - Did not detect default resource location for test class [com.costa.challengeMatriz.controllers.MatrizControllerTests]: class path resource [com/costa/challengeMatriz/controllers/MatrizControllerTestsContext.groovy] does not exist
23:37:07.768 [Test worker] INFO org.springframework.test.context.support.AbstractContextLoader - Could not detect default resource locations for test class [com.costa.challengeMatriz.controllers.MatrizControllerTests]: no resource found for suffixes {-context.xml, Context.groovy}.
23:37:07.769 [Test worker] INFO org.springframework.test.context.support.AnnotationConfigContextLoaderUtils - Could not detect default configuration classes for test class [com.costa.challengeMatriz.controllers.MatrizControllerTests]: MatrizControllerTests does not declare any static, non-private, non-final, nested classes annotated with @Configuration.
23:37:07.799 [Test worker] DEBUG org.springframework.test.context.support.ActiveProfilesUtils - Could not find an 'annotation declaring class' for annotation type [org.springframework.test.context.ActiveProfiles] and class [com.costa.challengeMatriz.controllers.MatrizControllerTests]
23:37:07.842 [Test worker] DEBUG org.springframework.context.annotation.ClassPathScanningCandidateComponentProvider - Identified candidate component class: file [/home/julian/trabajosPracticos/challengeMatriz/EjeMatriz/build/classes/java/main/com/costa/challengeMatriz/ChallengeMatrizApplication.class]
23:37:07.843 [Test worker] INFO org.springframework.boot.test.context.SpringBootTestContextBootstrapper - Found @SpringBootConfiguration com.costa.challengeMatriz.ChallengeMatrizApplication for test class com.costa.challengeMatriz.controllers.MatrizControllerTests
23:37:07.917 [Test worker] DEBUG org.springframework.boot.test.context.SpringBootTestContextBootstrapper - @TestExecutionListeners is not present for class [com.costa.challengeMatriz.controllers.MatrizControllerTests]: using defaults.
23:37:07.918 [Test worker] INFO org.springframework.boot.test.context.SpringBootTestContextBootstrapper - Loaded default TestExecutionListener class names from location [META-INF/spring.factories]: [org.springframework.boot.test.autoconfigure.restdocs.RestDocsTestExecutionListener, org.springframework.boot.test.autoconfigure.web.client.MockRestServiceServerResetTestExecutionListener, org.springframework.boot.test.autoconfigure.web.servlet.MockMvcPrintOnlyOnFailureTestExecutionListener, org.springframework.boot.test.autoconfigure.web.servlet.WebDriverTestExecutionListener, org.springframework.boot.test.autoconfigure.webservices.client.MockWebServiceServerTestExecutionListener, org.springframework.boot.test.mock.mockito.MockitoTestExecutionListener, org.springframework.boot.test.mock.mockito.ResetMocksTestExecutionListener, org.springframework.test.context.web.ServletTestExecutionListener, org.springframework.test.context.support.DirtiesContextBeforeModesTestExecutionListener, org.springframework.test.context.support.DependencyInjectionTestExecutionListener, org.springframework.test.context.support.DirtiesContextTestExecutionListener, org.springframework.test.context.transaction.TransactionalTestExecutionListener, org.springframework.test.context.jdbc.SqlScriptsTestExecutionListener, org.springframework.test.context.event.EventPublishingTestExecutionListener]
23:37:07.924 [Test worker] DEBUG org.springframework.boot.test.context.SpringBootTestContextBootstrapper - Skipping candidate TestExecutionListener [org.springframework.test.context.transaction.TransactionalTestExecutionListener] due to a missing dependency. Specify custom listener classes or make the default listener classes and their required dependencies available. Offending class: [org/springframework/transaction/TransactionDefinition]
23:37:07.925 [Test worker] DEBUG org.springframework.boot.test.context.SpringBootTestContextBootstrapper - Skipping candidate TestExecutionListener [org.springframework.test.context.jdbc.SqlScriptsTestExecutionListener] due to a missing dependency. Specify custom listener classes or make the default listener classes and their required dependencies available. Offending class: [org/springframework/transaction/interceptor/TransactionAttribute]
23:37:07.925 [Test worker] INFO org.springframework.boot.test.context.SpringBootTestContextBootstrapper - Using TestExecutionListeners: [org.springframework.test.context.web.ServletTestExecutionListener@51b7347f, org.springframework.test.context.support.DirtiesContextBeforeModesTestExecutionListener@4d72d278, org.springframework.boot.test.mock.mockito.MockitoTestExecutionListener@1e2f0eb3, org.springframework.boot.test.autoconfigure.SpringBootDependencyInjectionTestExecutionListener@e3a4a33, org.springframework.test.context.support.DirtiesContextTestExecutionListener@66c68347, org.springframework.test.context.event.EventPublishingTestExecutionListener@3dfc7cf5, org.springframework.boot.test.autoconfigure.restdocs.RestDocsTestExecutionListener@5b40a76f, org.springframework.boot.test.autoconfigure.web.client.MockRestServiceServerResetTestExecutionListener@77715e6, org.springframework.boot.test.autoconfigure.web.servlet.MockMvcPrintOnlyOnFailureTestExecutionListener@55f972f4, org.springframework.boot.test.autoconfigure.web.servlet.WebDriverTestExecutionListener@bbcb76a, org.springframework.boot.test.autoconfigure.webservices.client.MockWebServiceServerTestExecutionListener@559912ad, org.springframework.boot.test.mock.mockito.ResetMocksTestExecutionListener@6afee5dd]
23:37:07.928 [Test worker] DEBUG org.springframework.test.context.support.AbstractDirtiesContextTestExecutionListener - Before test class: context [DefaultTestContext@2fee21e6 testClass = MatrizControllerTests, testInstance = [null], testMethod = [null], testException = [null], mergedContextConfiguration = [WebMergedContextConfiguration@5eca4c7 testClass = MatrizControllerTests, locations = '{}', classes = '{class com.costa.challengeMatriz.ChallengeMatrizApplication}', contextInitializerClasses = '[]', activeProfiles = '{}', propertySourceLocations = '{}', propertySourceProperties = '{org.springframework.boot.test.context.SpringBootTestContextBootstrapper=true}', contextCustomizers = set[org.springframework.boot.test.autoconfigure.properties.PropertyMappingContextCustomizer@0, org.springframework.boot.test.autoconfigure.web.servlet.WebDriverContextCustomizerFactory$Customizer@16af354, org.springframework.boot.test.context.filter.ExcludeFilterContextCustomizer@7960c0ec, org.springframework.boot.test.json.DuplicateJsonObjectContextCustomizerFactory$DuplicateJsonObjectContextCustomizer@5dc68700, org.springframework.boot.test.mock.mockito.MockitoContextCustomizer@0, org.springframework.boot.test.web.client.TestRestTemplateContextCustomizer@79b34c8f, org.springframework.boot.test.context.SpringBootTestArgs@1], resourceBasePath = 'src/main/webapp', contextLoader = 'org.springframework.boot.test.context.SpringBootContextLoader', parent = [null]], attributes = map['org.springframework.test.context.web.ServletTestExecutionListener.activateListener' -> true]], class annotated with @DirtiesContext [false] with mode [null].
23:37:07.945 [Test worker] DEBUG org.springframework.test.context.support.TestPropertySourceUtils - Adding inlined properties to environment: {spring.jmx.enabled=false, org.springframework.boot.test.context.SpringBootTestContextBootstrapper=true}

  .   ____          _            __ _ _
 /\\ / ___'_ __ _ _(_)_ __  __ _ \ \ \ \
( ( )\___ | '_ | '_| | '_ \/ _` | \ \ \ \
 \\/  ___)| |_)| | | | | || (_| |  ) ) ) )
  '  |____| .__|_| |_|_| |_\__, | / / / /
 =========|_|==============|___/=/_/_/_/
 :: Spring Boot ::        (v2.3.3.RELEASE)

2020-10-08 23:37:08.113  INFO 3243 --- [    Test worker] c.c.c.controllers.MatrizControllerTests  : Starting MatrizControllerTests on JulianHome with PID 3243 (started by julian in /home/julian/trabajosPracticos/challengeMatriz/EjeMatriz)
2020-10-08 23:37:08.114  INFO 3243 --- [    Test worker] c.c.c.controllers.MatrizControllerTests  : No active profile set, falling back to default profiles: default
2020-10-08 23:37:09.027  INFO 3243 --- [    Test worker] o.s.s.concurrent.ThreadPoolTaskExecutor  : Initializing ExecutorService 'applicationTaskExecutor'
2020-10-08 23:37:09.213  INFO 3243 --- [    Test worker] c.c.c.controllers.MatrizControllerTests  : Started MatrizControllerTests in 1.262 seconds (JVM running for 2.016)
]]></system-out>
  <system-err><![CDATA[]]></system-err>
</testsuite>
